#
# There is insufficient memory for the Java Runtime Environment to continue.
# Native memory allocation (malloc) failed to allocate 1680816 bytes for Chunk::new
# Possible reasons:
#   The system is out of physical RAM or swap space
#   The process is running with CompressedOops enabled, and the Java Heap may be blocking the growth of the native heap
# Possible solutions:
#   Reduce memory load on the system
#   Increase physical memory or swap space
#   Check if swap backing store is full
#   Decrease Java heap size (-Xmx/-Xms)
#   Decrease number of Java threads
#   Decrease Java thread stack sizes (-Xss)
#   Set larger code cache with -XX:ReservedCodeCacheSize=
#   JVM is running with Unscaled Compressed Oops mode in which the Java heap is
#     placed in the first 4GB address space. The Java Heap base address is the
#     maximum limit for the native heap growth. Please use -XX:HeapBaseMinAddress
#     to set the Java Heap base and to place the Java Heap above 4GB virtual address.
# This output file may be truncated or incomplete.
#
#  Out of Memory Error (allocation.cpp:389), pid=34372, tid=0x000000000000613c
#
# JRE version: OpenJDK Runtime Environment (8.0_242-b01) (build 1.8.0_242-release-1644-b01)
# Java VM: OpenJDK 64-Bit Server VM (25.242-b01 mixed mode windows-amd64 compressed oops)
# Failed to write core dump. Minidumps are not enabled by default on client versions of Windows
#

---------------  T H R E A D  ---------------

Current thread (0x000000001982c000):  JavaThread "C2 CompilerThread2" daemon [_thread_in_native, id=24892, stack(0x000000001a220000,0x000000001a320000)]

Stack: [0x000000001a220000,0x000000001a320000]
[error occurred during error reporting (printing stack bounds), id 0xc0000005]

Native frames: (J=compiled Java code, j=interpreted, Vv=VM code, C=native code)


Current CompileTask:
C2:2761406 23987       4       com.android.tools.r8.ir.conversion.N::a (737 bytes)


---------------  P R O C E S S  ---------------

Java Threads: ( => current thread )
  0x000000001b79a800 JavaThread "WorkerExecutor Queue Thread 4" [_thread_blocked, id=18836, stack(0x000000002b0a0000,0x000000002b1a0000)]
  0x000000001b794800 JavaThread "stdout" [_thread_in_native, id=14324, stack(0x000000002aba0000,0x000000002aca0000)]
  0x000000001b78d000 JavaThread "stderr" [_thread_in_native, id=24828, stack(0x000000002aaa0000,0x000000002aba0000)]
  0x000000001b78f000 JavaThread "pool-22-thread-1" [_thread_blocked, id=6796, stack(0x000000002a9a0000,0x000000002aaa0000)]
  0x000000001e5be000 JavaThread "Cache worker for execution history cache (C:\Users\jun10\AndroidStudioProjects\RecommendFinancialProduct\.gradle\6.1.1\executionHistory)" [_thread_blocked, id=34856, stack(0x0000000029fa0000,0x000000002a0a0000)]
  0x000000001e5b9800 JavaThread "Execution worker for ':' Thread 7" [_thread_blocked, id=24500, stack(0x0000000029ea0000,0x0000000029fa0000)]
  0x000000001e5b9000 JavaThread "Execution worker for ':' Thread 6" [_thread_in_Java, id=11640, stack(0x0000000029b30000,0x0000000029c30000)]
  0x000000001e5b6800 JavaThread "Execution worker for ':' Thread 5" [_thread_in_Java, id=23672, stack(0x0000000029930000,0x0000000029a30000)]
  0x000000001e5bc800 JavaThread "Execution worker for ':' Thread 4" [_thread_blocked, id=28648, stack(0x0000000029830000,0x0000000029930000)]
  0x000000001e5b8000 JavaThread "Execution worker for ':' Thread 3" [_thread_blocked, id=38440, stack(0x0000000029730000,0x0000000029830000)]
  0x000000001e5b3800 JavaThread "Execution worker for ':' Thread 2" [_thread_blocked, id=36888, stack(0x0000000029630000,0x0000000029730000)]
  0x000000001e5af800 JavaThread "Execution worker for ':'" [_thread_in_Java, id=41352, stack(0x0000000029530000,0x0000000029630000)]
  0x000000001e5b2000 JavaThread "Cache worker for file content cache (C:\Users\jun10\AndroidStudioProjects\RecommendFinancialProduct\.gradle\6.1.1\fileContent)" [_thread_blocked, id=16048, stack(0x0000000029130000,0x0000000029230000)]
  0x00000000215a0800 JavaThread "Cache worker for Build Output Cleanup Cache (C:\Users\jun10\AndroidStudioProjects\RecommendFinancialProduct\.gradle\buildOutputCleanup)" [_thread_blocked, id=8964, stack(0x0000000025a50000,0x0000000025b50000)]
  0x000000002159f800 JavaThread "Build operations Thread 8" [_thread_blocked, id=32252, stack(0x0000000025750000,0x0000000025850000)]
  0x000000002159a800 JavaThread "Build operations Thread 7" [_thread_blocked, id=2240, stack(0x0000000025650000,0x0000000025750000)]
  0x000000002159e000 JavaThread "Build operations Thread 6" [_thread_blocked, id=18800, stack(0x0000000025550000,0x0000000025650000)]
  0x0000000021596000 JavaThread "Build operations Thread 5" [_thread_blocked, id=16208, stack(0x0000000025450000,0x0000000025550000)]
  0x000000002159c000 JavaThread "Build operations Thread 4" [_thread_blocked, id=12864, stack(0x0000000025350000,0x0000000025450000)]
  0x000000002159c800 JavaThread "Build operations Thread 3" [_thread_blocked, id=1752, stack(0x0000000023fb0000,0x00000000240b0000)]
  0x0000000021599800 JavaThread "Build operations Thread 2" [_thread_blocked, id=21868, stack(0x0000000023bf0000,0x0000000023cf0000)]
  0x000000002159b000 JavaThread "Build operations" [_thread_blocked, id=41524, stack(0x0000000023650000,0x0000000023750000)]
  0x0000000021592000 JavaThread "Cache worker for cache directory md-rule (C:\Users\jun10\.gradle\caches\6.1.1\md-rule)" [_thread_blocked, id=25260, stack(0x0000000021c80000,0x0000000021d80000)]
  0x0000000021594800 JavaThread "Cache worker for cache directory md-supplier (C:\Users\jun10\.gradle\caches\6.1.1\md-supplier)" [_thread_blocked, id=33864, stack(0x00000000218a0000,0x00000000219a0000)]
  0x0000000021597800 JavaThread "Cache worker for file hash cache (C:\Users\jun10\AndroidStudioProjects\RecommendFinancialProduct\.gradle\6.1.1\fileHashes)" [_thread_blocked, id=35348, stack(0x00000000217a0000,0x00000000218a0000)]
  0x0000000021591800 JavaThread "Cache worker for checksums cache (C:\Users\jun10\AndroidStudioProjects\RecommendFinancialProduct\.gradle\checksums)" [_thread_blocked, id=30508, stack(0x0000000020660000,0x0000000020760000)]
  0x000000002018f000 JavaThread "Thread-236" [_thread_blocked, id=33040, stack(0x0000000020560000,0x0000000020660000)]
  0x0000000020193800 JavaThread "Stdin handler" [_thread_blocked, id=31548, stack(0x000000001dbc0000,0x000000001dcc0000)]
  0x0000000020193000 JavaThread "Asynchronous log dispatcher for DefaultDaemonConnection: socket connection from /127.0.0.1:49998 to /127.0.0.1:53765" [_thread_blocked, id=33712, stack(0x000000001d8c0000,0x000000001d9c0000)]
  0x0000000020195000 JavaThread "Cancel handler" [_thread_blocked, id=22628, stack(0x000000001d4c0000,0x000000001d5c0000)]
  0x0000000020191800 JavaThread "Handler for socket connection from /127.0.0.1:49998 to /127.0.0.1:53765" [_thread_in_native, id=39468, stack(0x000000001d3c0000,0x000000001d4c0000)]
  0x0000000020190800 JavaThread "ForkJoinPool.commonPool-worker-0" daemon [_thread_blocked, id=19220, stack(0x000000002cae0000,0x000000002cbe0000)]
  0x0000000020192000 JavaThread "ForkJoinPool.commonPool-worker-7" daemon [_thread_blocked, id=28280, stack(0x000000002c8d0000,0x000000002c9d0000)]
  0x000000002159f000 JavaThread "RMI TCP Connection(idle)" daemon [_thread_blocked, id=17152, stack(0x000000002aca0000,0x000000002ada0000)]
  0x000000001b78d800 JavaThread "Daemon worker Thread 3" [_thread_blocked, id=41300, stack(0x000000001d7c0000,0x000000001d8c0000)]
  0x000000001b791800 JavaThread "Daemon Thread 3" [_thread_blocked, id=38952, stack(0x00000000009d0000,0x0000000000ad0000)]
  0x000000002159d800 JavaThread "Cache worker for Java compile cache (C:\Users\jun10\.gradle\caches\6.1.1\javaCompile)" [_thread_blocked, id=35112, stack(0x000000002b8a0000,0x000000002b9a0000)]
  0x0000000021593800 JavaThread "RMI Reaper" [_thread_blocked, id=37924, stack(0x000000002a4a0000,0x000000002a5a0000)]
  0x0000000021595000 JavaThread "RMI TCP Accept-0" daemon [_thread_in_native, id=20212, stack(0x000000002a3a0000,0x000000002a4a0000)]
  0x0000000021593000 JavaThread "GC Daemon" daemon [_thread_blocked, id=3276, stack(0x000000002a2a0000,0x000000002a3a0000)]
  0x0000000021599000 JavaThread "RMI Scheduler(0)" daemon [_thread_blocked, id=15724, stack(0x0000000029a30000,0x0000000029b30000)]
  0x0000000019831800 JavaThread "Cache worker for file content cache (C:\Users\jun10\.gradle\caches\6.1.1\fileContent)" [_thread_blocked, id=19100, stack(0x0000000029030000,0x0000000029130000)]
  0x000000001982b000 JavaThread "Memory manager" [_thread_blocked, id=33700, stack(0x0000000026020000,0x0000000026120000)]
  0x000000001982f000 JavaThread "Cache worker for execution history cache (C:\Users\jun10\.gradle\caches\6.1.1\executionHistory)" [_thread_blocked, id=19800, stack(0x0000000021d80000,0x0000000021e80000)]
  0x000000001982e800 JavaThread "Cache worker for file hash cache (C:\Users\jun10\.gradle\caches\6.1.1\fileHashes)" [_thread_blocked, id=39848, stack(0x000000001e0c0000,0x000000001e1c0000)]
  0x000000001982d800 JavaThread "File lock request listener" [_thread_in_native, id=17248, stack(0x000000001dfc0000,0x000000001e0c0000)]
  0x000000001ade3800 JavaThread "Cache worker for journal cache (C:\Users\jun10\.gradle\caches\journal-1)" [_thread_blocked, id=496, stack(0x000000001dec0000,0x000000001dfc0000)]
  0x000000001c2f9800 JavaThread "Daemon periodic checks" [_thread_blocked, id=32616, stack(0x000000001d2c0000,0x000000001d3c0000)]
  0x000000001af9a800 JavaThread "Incoming local TCP Connector on port 49998" [_thread_in_native, id=11756, stack(0x000000001d0e0000,0x000000001d1e0000)]
  0x000000001c25a800 JavaThread "Daemon health stats" [_thread_blocked, id=17276, stack(0x000000001cfc0000,0x000000001d0c0000)]
  0x00000000198c2000 JavaThread "Service Thread" daemon [_thread_blocked, id=16120, stack(0x000000001a420000,0x000000001a520000)]
  0x0000000019830800 JavaThread "C1 CompilerThread3" daemon [_thread_blocked, id=16548, stack(0x000000001a320000,0x000000001a420000)]
=>0x000000001982c000 JavaThread "C2 CompilerThread2" daemon [_thread_in_native, id=24892, stack(0x000000001a220000,0x000000001a320000)]
  0x000000001799a000 JavaThread "C2 CompilerThread1" daemon [_thread_in_native, id=13944, stack(0x000000001a120000,0x000000001a220000)]
  0x00000000197cc000 JavaThread "C2 CompilerThread0" daemon [_thread_in_native, id=26764, stack(0x000000001a020000,0x000000001a120000)]
  0x00000000197ca800 JavaThread "Attach Listener" daemon [_thread_blocked, id=8120, stack(0x0000000019f20000,0x000000001a020000)]
  0x0000000019828000 JavaThread "Signal Dispatcher" daemon [_thread_blocked, id=28012, stack(0x0000000019e20000,0x0000000019f20000)]
  0x000000000291d800 JavaThread "Finalizer" daemon [_thread_blocked, id=25568, stack(0x0000000019c90000,0x0000000019d90000)]
  0x0000000002917000 JavaThread "Reference Handler" daemon [_thread_blocked, id=33208, stack(0x0000000019b90000,0x0000000019c90000)]
  0x0000000000bbe000 JavaThread "main" [_thread_blocked, id=39552, stack(0x0000000002720000,0x0000000002820000)]

Other Threads:
  0x0000000017986000 VMThread [stack: 0x0000000019690000,0x0000000019790000] [id=22008]
  0x00000000198c3000 WatcherThread [stack: 0x000000001a520000,0x000000001a620000] [id=17880]

VM state:not at safepoint (normal execution)

VM Mutex/Monitor currently owned by a thread: None

heap address: 0x0000000080000000, size: 2048 MB, Compressed Oops mode: 32-bit
Narrow klass base: 0x0000000000000000, Narrow klass shift: 3
Compressed class space size: 1073741824 Address: 0x0000000100000000

Heap:
 PSYoungGen      total 646144K, used 272998K [0x00000000d5580000, 0x0000000100000000, 0x0000000100000000)
  eden space 594944K, 41% used [0x00000000d5580000,0x00000000e4694758,0x00000000f9a80000)
  from space 51200K, 51% used [0x00000000f9a80000,0x00000000fb405100,0x00000000fcc80000)
  to   space 50688K, 0% used [0x00000000fce80000,0x00000000fce80000,0x0000000100000000)
 ParOldGen       total 269312K, used 111305K [0x0000000080000000, 0x0000000090700000, 0x00000000d5580000)
  object space 269312K, 41% used [0x0000000080000000,0x0000000086cb27e8,0x0000000090700000)
 Metaspace       used 111480K, capacity 118061K, committed 118184K, reserved 1150976K
  class space    used 14528K, capacity 15709K, committed 15792K, reserved 1048576K

Card table byte_map: [0x0000000011ce0000,0x00000000120f0000] byte_map_base: 0x00000000118e0000

Marking Bits: (ParMarkBitMap*) 0x0000000051e8f030
 Begin Bits: [0x0000000012ba0000, 0x0000000014ba0000)
 End Bits:   [0x0000000014ba0000, 0x0000000016ba0000)

Polling page: 0x0000000000b10000

CodeCache: size=245760Kb used=68073Kb max_used=68101Kb free=177686Kb
 bounds [0x0000000002920000, 0x0000000006c00000, 0x0000000011920000]
 total_blobs=20018 nmethods=19069 adapters=859
 compilation: enabled

Compilation events (10 events):
Event: 2759.635 Thread 0x00000000197cc000 nmethod 23735% 0x0000000006bde0d0 code [0x0000000006bdec20, 0x0000000006be8df0]
Event: 2759.652 Thread 0x00000000197cc000 24025       4       com.android.tools.r8.ir.optimize.g::b (181 bytes)
Event: 2759.674 Thread 0x0000000019830800 24033 %     3       com.android.tools.r8.ir.conversion.H::<init> @ 18 (46 bytes)
Event: 2759.675 Thread 0x0000000019830800 nmethod 24033% 0x0000000006bdd910 code [0x0000000006bddaa0, 0x0000000006bddeb8]
Event: 2759.697 Thread 0x00000000197cc000 nmethod 24025 0x0000000006bd8210 code [0x0000000006bd83e0, 0x0000000006bd9098]
Event: 2759.697 Thread 0x00000000197cc000 23998       4       java.util.PriorityQueue::siftDownComparable (118 bytes)
Event: 2759.729 Thread 0x00000000197cc000 nmethod 23998 0x0000000006bd6790 code [0x0000000006bd6960, 0x0000000006bd7478]
Event: 2759.729 Thread 0x00000000197cc000 24011       4       com.android.tools.r8.ir.optimize.Z::a (425 bytes)
Event: 2760.292 Thread 0x0000000019830800 24035       2       com.android.tools.r8.u.b.b1::r0 (2 bytes)
Event: 2760.337 Thread 0x0000000019830800 nmethod 24035 0x0000000006bd2a10 code [0x0000000006bd2b60, 0x0000000006bd2cb0]

GC Heap History (10 events):
Event: 2226.214 GC heap before
{Heap before GC invocations=17 (full 4):
 PSYoungGen      total 430592K, used 390144K [0x00000000d5580000, 0x00000000fa400000, 0x0000000100000000)
  eden space 390144K, 100% used [0x00000000d5580000,0x00000000ed280000,0x00000000ed280000)
  from space 40448K, 0% used [0x00000000efa00000,0x00000000efa00000,0x00000000f2180000)
  to   space 40448K, 0% used [0x00000000ed280000,0x00000000ed280000,0x00000000efa00000)
 ParOldGen       total 269312K, used 54891K [0x0000000080000000, 0x0000000090700000, 0x00000000d5580000)
  object space 269312K, 20% used [0x0000000080000000,0x000000008359ac48,0x0000000090700000)
 Metaspace       used 105417K, capacity 110473K, committed 111016K, reserved 1144832K
  class space    used 13951K, capacity 14877K, committed 15024K, reserved 1048576K
Event: 2226.340 GC heap after
Heap after GC invocations=17 (full 4):
 PSYoungGen      total 430592K, used 40435K [0x00000000d5580000, 0x00000000fc980000, 0x0000000100000000)
  eden space 390144K, 0% used [0x00000000d5580000,0x00000000d5580000,0x00000000ed280000)
  from space 40448K, 99% used [0x00000000ed280000,0x00000000ef9fcf88,0x00000000efa00000)
  to   space 55296K, 0% used [0x00000000f9380000,0x00000000f9380000,0x00000000fc980000)
 ParOldGen       total 269312K, used 77515K [0x0000000080000000, 0x0000000090700000, 0x00000000d5580000)
  object space 269312K, 28% used [0x0000000080000000,0x0000000084bb2f70,0x0000000090700000)
 Metaspace       used 105417K, capacity 110473K, committed 111016K, reserved 1144832K
  class space    used 13951K, capacity 14877K, committed 15024K, reserved 1048576K
}
Event: 2637.402 GC heap before
{Heap before GC invocations=18 (full 4):
 PSYoungGen      total 430592K, used 430579K [0x00000000d5580000, 0x00000000fc980000, 0x0000000100000000)
  eden space 390144K, 100% used [0x00000000d5580000,0x00000000ed280000,0x00000000ed280000)
  from space 40448K, 99% used [0x00000000ed280000,0x00000000ef9fcf88,0x00000000efa00000)
  to   space 55296K, 0% used [0x00000000f9380000,0x00000000f9380000,0x00000000fc980000)
 ParOldGen       total 269312K, used 77515K [0x0000000080000000, 0x0000000090700000, 0x00000000d5580000)
  object space 269312K, 28% used [0x0000000080000000,0x0000000084bb2f70,0x0000000090700000)
 Metaspace       used 108440K, capacity 114245K, committed 114600K, reserved 1148928K
  class space    used 14334K, capacity 15427K, committed 15536K, reserved 1048576K
Event: 2637.457 GC heap after
Heap after GC invocations=18 (full 4):
 PSYoungGen      total 548864K, used 17359K [0x00000000d5580000, 0x00000000fb380000, 0x0000000100000000)
  eden space 516096K, 0% used [0x00000000d5580000,0x00000000d5580000,0x00000000f4d80000)
  from space 32768K, 52% used [0x00000000f9380000,0x00000000fa473ca8,0x00000000fb380000)
  to   space 52224K, 0% used [0x00000000f4d80000,0x00000000f4d80000,0x00000000f8080000)
 ParOldGen       total 269312K, used 108105K [0x0000000080000000, 0x0000000090700000, 0x00000000d5580000)
  object space 269312K, 40% used [0x0000000080000000,0x0000000086992728,0x0000000090700000)
 Metaspace       used 108440K, capacity 114245K, committed 114600K, reserved 1148928K
  class space    used 14334K, capacity 15427K, committed 15536K, reserved 1048576K
}
Event: 2747.947 GC heap before
{Heap before GC invocations=19 (full 4):
 PSYoungGen      total 548864K, used 533455K [0x00000000d5580000, 0x00000000fb380000, 0x0000000100000000)
  eden space 516096K, 100% used [0x00000000d5580000,0x00000000f4d80000,0x00000000f4d80000)
  from space 32768K, 52% used [0x00000000f9380000,0x00000000fa473ca8,0x00000000fb380000)
  to   space 52224K, 0% used [0x00000000f4d80000,0x00000000f4d80000,0x00000000f8080000)
 ParOldGen       total 269312K, used 108105K [0x0000000080000000, 0x0000000090700000, 0x00000000d5580000)
  object space 269312K, 40% used [0x0000000080000000,0x0000000086992728,0x0000000090700000)
 Metaspace       used 109562K, capacity 115937K, committed 116264K, reserved 1150976K
  class space    used 14420K, capacity 15585K, committed 15664K, reserved 1048576K
Event: 2747.961 GC heap after
Heap after GC invocations=19 (full 4):
 PSYoungGen      total 568320K, used 5712K [0x00000000d5580000, 0x0000000100000000, 0x0000000100000000)
  eden space 516096K, 0% used [0x00000000d5580000,0x00000000d5580000,0x00000000f4d80000)
  from space 52224K, 10% used [0x00000000f4d80000,0x00000000f5314070,0x00000000f8080000)
  to   space 51712K, 0% used [0x00000000fcd80000,0x00000000fcd80000,0x0000000100000000)
 ParOldGen       total 269312K, used 111289K [0x0000000080000000, 0x0000000090700000, 0x00000000d5580000)
  object space 269312K, 41% used [0x0000000080000000,0x0000000086cae7e8,0x0000000090700000)
 Metaspace       used 109562K, capacity 115937K, committed 116264K, reserved 1150976K
  class space    used 14420K, capacity 15585K, committed 15664K, reserved 1048576K
}
Event: 2753.198 GC heap before
{Heap before GC invocations=20 (full 4):
 PSYoungGen      total 568320K, used 521808K [0x00000000d5580000, 0x0000000100000000, 0x0000000100000000)
  eden space 516096K, 100% used [0x00000000d5580000,0x00000000f4d80000,0x00000000f4d80000)
  from space 52224K, 10% used [0x00000000f4d80000,0x00000000f5314070,0x00000000f8080000)
  to   space 51712K, 0% used [0x00000000fcd80000,0x00000000fcd80000,0x0000000100000000)
 ParOldGen       total 269312K, used 111289K [0x0000000080000000, 0x0000000090700000, 0x00000000d5580000)
  object space 269312K, 41% used [0x0000000080000000,0x0000000086cae7e8,0x0000000090700000)
 Metaspace       used 111202K, capacity 117743K, committed 117928K, reserved 1150976K
  class space    used 14521K, capacity 15702K, committed 15792K, reserved 1048576K
Event: 2753.224 GC heap after
Heap after GC invocations=20 (full 4):
 PSYoungGen      total 645120K, used 26763K [0x00000000d5580000, 0x00000000ffe80000, 0x0000000100000000)
  eden space 594944K, 0% used [0x00000000d5580000,0x00000000d5580000,0x00000000f9a80000)
  from space 50176K, 53% used [0x00000000fcd80000,0x00000000fe7a2c50,0x00000000ffe80000)
  to   space 51200K, 0% used [0x00000000f9a80000,0x00000000f9a80000,0x00000000fcc80000)
 ParOldGen       total 269312K, used 111297K [0x0000000080000000, 0x0000000090700000, 0x00000000d5580000)
  object space 269312K, 41% used [0x0000000080000000,0x0000000086cb07e8,0x0000000090700000)
 Metaspace       used 111202K, capacity 117743K, committed 117928K, reserved 1150976K
  class space    used 14521K, capacity 15702K, committed 15792K, reserved 1048576K
}
Event: 2757.010 GC heap before
{Heap before GC invocations=21 (full 4):
 PSYoungGen      total 645120K, used 621707K [0x00000000d5580000, 0x00000000ffe80000, 0x0000000100000000)
  eden space 594944K, 100% used [0x00000000d5580000,0x00000000f9a80000,0x00000000f9a80000)
  from space 50176K, 53% used [0x00000000fcd80000,0x00000000fe7a2c50,0x00000000ffe80000)
  to   space 51200K, 0% used [0x00000000f9a80000,0x00000000f9a80000,0x00000000fcc80000)
 ParOldGen       total 269312K, used 111297K [0x0000000080000000, 0x0000000090700000, 0x00000000d5580000)
  object space 269312K, 41% used [0x0000000080000000,0x0000000086cb07e8,0x0000000090700000)
 Metaspace       used 111446K, capacity 118061K, committed 118184K, reserved 1150976K
  class space    used 14527K, capacity 15709K, committed 15792K, reserved 1048576K
Event: 2757.443 GC heap after
Heap after GC invocations=21 (full 4):
 PSYoungGen      total 646144K, used 26132K [0x00000000d5580000, 0x0000000100000000, 0x0000000100000000)
  eden space 594944K, 0% used [0x00000000d5580000,0x00000000d5580000,0x00000000f9a80000)
  from space 51200K, 51% used [0x00000000f9a80000,0x00000000fb405100,0x00000000fcc80000)
  to   space 50688K, 0% used [0x00000000fce80000,0x00000000fce80000,0x0000000100000000)
 ParOldGen       total 269312K, used 111305K [0x0000000080000000, 0x0000000090700000, 0x00000000d5580000)
  object space 269312K, 41% used [0x0000000080000000,0x0000000086cb27e8,0x0000000090700000)
 Metaspace       used 111446K, capacity 118061K, committed 118184K, reserved 1150976K
  class space    used 14527K, capacity 15709K, committed 15792K, reserved 1048576K
}

Deoptimization events (10 events):
Event: 2754.773 Thread 0x000000001e5b9000 Uncommon trap: reason=class_check action=maybe_recompile pc=0x0000000006924088 method=com.android.tools.r8.u.a.i.e.b(Lcom/android/tools/r8/u/b/h0;)V @ 379
Event: 2755.147 Thread 0x000000001e5b6800 Uncommon trap: reason=unstable_if action=reinterpret pc=0x000000000539d4f4 method=com.android.tools.r8.ir.conversion.o.e(I)Lcom/android/tools/r8/graph/r; @ 4
Event: 2755.147 Thread 0x000000001e5b6800 Uncommon trap: reason=unstable_if action=reinterpret pc=0x000000000616976c method=com.android.tools.r8.ir.conversion.o.c(I)Lcom/android/tools/r8/graph/r; @ 6
Event: 2755.351 Thread 0x000000001e5b9000 Uncommon trap: reason=bimorphic action=maybe_recompile pc=0x0000000006adad3c method=com.android.tools.r8.ir.analysis.type.u.t()Z @ 29
Event: 2755.552 Thread 0x000000001e5b6800 Uncommon trap: reason=unstable_if action=reinterpret pc=0x0000000006ad14c4 method=com.android.tools.r8.ir.analysis.type.u.t()Z @ 18
Event: 2755.927 Thread 0x000000001e5b9000 Uncommon trap: reason=bimorphic action=maybe_recompile pc=0x0000000005359bd4 method=com.android.tools.r8.ir.analysis.type.u.t()Z @ 36
Event: 2756.124 Thread 0x000000001e5b9000 Uncommon trap: reason=class_check action=maybe_recompile pc=0x0000000006924088 method=com.android.tools.r8.u.a.i.e.b(Lcom/android/tools/r8/u/b/h0;)V @ 379
Event: 2756.373 Thread 0x000000001e5b9000 Uncommon trap: reason=bimorphic action=maybe_recompile pc=0x0000000005359bd4 method=com.android.tools.r8.ir.analysis.type.u.t()Z @ 36
Event: 2758.375 Thread 0x000000001e5b9000 Uncommon trap: reason=bimorphic action=maybe_recompile pc=0x0000000006b5f7b8 method=com.android.tools.r8.ir.analysis.type.u.t()Z @ 36
Event: 2758.443 Thread 0x000000001e5b9000 Uncommon trap: reason=class_check action=maybe_recompile pc=0x0000000006924088 method=com.android.tools.r8.u.a.i.e.b(Lcom/android/tools/r8/u/b/h0;)V @ 379

Classes redefined (0 events):
No events

Internal exceptions (10 events):
Event: 2750.778 Thread 0x000000001b792000 Exception <a 'sun/nio/fs/WindowsException'> (0x00000000dcbbddd8) thrown at [C:\src\AOSP-openjdk-git\hotspot\src\share\vm\prims\jni.cpp, line 710]
Event: 2750.780 Thread 0x000000001b792000 Exception <a 'sun/nio/fs/WindowsException'> (0x00000000dcbbec30) thrown at [C:\src\AOSP-openjdk-git\hotspot\src\share\vm\prims\jni.cpp, line 710]
Event: 2750.787 Thread 0x000000001b792000 Exception <a 'sun/nio/fs/WindowsException'> (0x00000000dcbbf178) thrown at [C:\src\AOSP-openjdk-git\hotspot\src\share\vm\prims\jni.cpp, line 710]
Event: 2750.797 Thread 0x000000001b792000 Exception <a 'sun/nio/fs/WindowsException'> (0x00000000dcbbffc0) thrown at [C:\src\AOSP-openjdk-git\hotspot\src\share\vm\prims\jni.cpp, line 710]
Event: 2751.023 Thread 0x000000001e5b6800 Exception <a 'sun/nio/fs/WindowsException'> (0x00000000e0532678) thrown at [C:\src\AOSP-openjdk-git\hotspot\src\share\vm\prims\jni.cpp, line 710]
Event: 2751.287 Thread 0x000000001b792000 Exception <a 'sun/nio/fs/WindowsException'> (0x00000000dcbc77f0) thrown at [C:\src\AOSP-openjdk-git\hotspot\src\share\vm\prims\jni.cpp, line 710]
Event: 2751.460 Thread 0x000000001b79a800 Exception <a 'sun/nio/fs/WindowsException'> (0x00000000e3c2a348) thrown at [C:\src\AOSP-openjdk-git\hotspot\src\share\vm\prims\jni.cpp, line 710]
Event: 2751.612 Thread 0x000000001bbbe000 Exception <a 'sun/nio/fs/WindowsException'> (0x00000000e5cd63d8) thrown at [C:\src\AOSP-openjdk-git\hotspot\src\share\vm\prims\jni.cpp, line 710]
Event: 2753.227 Thread 0x000000001e5b6800 Implicit null exception at 0x0000000006931f84 to 0x0000000006938e29
Event: 2754.274 Thread 0x000000001e5b9000 Implicit null exception at 0x0000000006a6e45b to 0x0000000006a72de1

Events (10 events):
Event: 2759.546 Thread 0x000000001e5b9000 DEOPT PACKING pc=0x00000000060a9d59 sp=0x0000000029c2a2b0
Event: 2759.546 Thread 0x000000001e5b9000 DEOPT UNPACKING pc=0x00000000029675d0 sp=0x0000000029c2a290 mode 0
Event: 2759.579 Thread 0x000000001e5b9000 DEOPT PACKING pc=0x00000000061a84a8 sp=0x0000000029c29e30
Event: 2759.579 Thread 0x000000001e5b9000 DEOPT UNPACKING pc=0x00000000029675d0 sp=0x0000000029c29ea0 mode 0
Event: 2759.691 Thread 0x000000001e5b9000 DEOPT PACKING pc=0x000000000610aa5e sp=0x0000000029c2a6d0
Event: 2759.691 Thread 0x000000001e5b9000 DEOPT UNPACKING pc=0x00000000029675d0 sp=0x0000000029c2a520 mode 0
Event: 2759.748 Thread 0x000000001e5af800 DEOPT PACKING pc=0x0000000005392f22 sp=0x000000002962a140
Event: 2759.822 Thread 0x000000001e5af800 DEOPT UNPACKING pc=0x00000000029675d0 sp=0x000000002962a028 mode 0
Event: 2760.991 Thread 0x000000001e5b9000 DEOPT PACKING pc=0x0000000005392f22 sp=0x0000000029c2a8d0
Event: 2761.021 Thread 0x000000001e5b9000 DEOPT UNPACKING pc=0x00000000029675d0 sp=0x0000000029c2a7b8 mode 0


Dynamic libraries:
0x00007ff629d60000 - 0x00007ff629d91000 	C:\Program Files\Android\Android Studio\jre\bin\java.exe
0x00007ffe83d10000 - 0x00007ffe83f06000 	C:\WINDOWS\SYSTEM32\ntdll.dll
0x00007ffe82400000 - 0x00007ffe824bd000 	C:\WINDOWS\System32\KERNEL32.DLL
0x00007ffe814d0000 - 0x00007ffe81799000 	C:\WINDOWS\System32\KERNELBASE.dll
0x00007ffe821b0000 - 0x00007ffe8225c000 	C:\WINDOWS\System32\ADVAPI32.dll
0x00007ffe83300000 - 0x00007ffe8339e000 	C:\WINDOWS\System32\msvcrt.dll
0x00007ffe833a0000 - 0x00007ffe8343c000 	C:\WINDOWS\System32\sechost.dll
0x00007ffe828b0000 - 0x00007ffe829db000 	C:\WINDOWS\System32\RPCRT4.dll
0x00007ffe82600000 - 0x00007ffe827a0000 	C:\WINDOWS\System32\USER32.dll
0x00007ffe81b30000 - 0x00007ffe81b52000 	C:\WINDOWS\System32\win32u.dll
0x00007ffe83ca0000 - 0x00007ffe83cca000 	C:\WINDOWS\System32\GDI32.dll
0x00007ffe818d0000 - 0x00007ffe819db000 	C:\WINDOWS\System32\gdi32full.dll
0x00007ffe81a30000 - 0x00007ffe81acd000 	C:\WINDOWS\System32\msvcp_win.dll
0x00007ffe817d0000 - 0x00007ffe818d0000 	C:\WINDOWS\System32\ucrtbase.dll
0x00007ffe65230000 - 0x00007ffe654cb000 	C:\WINDOWS\WinSxS\amd64_microsoft.windows.common-controls_6595b64144ccf1df_6.0.19041.746_none_ca02b4b61b8320a4\COMCTL32.dll
0x00007ffe83440000 - 0x00007ffe83470000 	C:\WINDOWS\System32\IMM32.DLL
0x0000000050bf0000 - 0x0000000050cc2000 	C:\Program Files\Android\Android Studio\jre\jre\bin\msvcr100.dll
0x00000000516c0000 - 0x0000000051f0b000 	C:\Program Files\Android\Android Studio\jre\jre\bin\server\jvm.dll
0x00007ffe82260000 - 0x00007ffe82268000 	C:\WINDOWS\System32\PSAPI.DLL
0x00007ffe75670000 - 0x00007ffe7567a000 	C:\WINDOWS\SYSTEM32\VERSION.dll
0x00007ffe6cc50000 - 0x00007ffe6cc59000 	C:\WINDOWS\SYSTEM32\WSOCK32.dll
0x00007ffe71aa0000 - 0x00007ffe71ac7000 	C:\WINDOWS\SYSTEM32\WINMM.dll
0x00007ffe829f0000 - 0x00007ffe82a5b000 	C:\WINDOWS\System32\WS2_32.dll
0x00007ffe79330000 - 0x00007ffe7933f000 	C:\Program Files\Android\Android Studio\jre\jre\bin\verify.dll
0x00007ffe6f010000 - 0x00007ffe6f039000 	C:\Program Files\Android\Android Studio\jre\jre\bin\java.dll
0x00007ffe6f0d0000 - 0x00007ffe6f0e6000 	C:\Program Files\Android\Android Studio\jre\jre\bin\zip.dll
0x00007ffe82b20000 - 0x00007ffe83263000 	C:\WINDOWS\System32\SHELL32.dll
0x00007ffe7f260000 - 0x00007ffe7f9ef000 	C:\WINDOWS\SYSTEM32\windows.storage.dll
0x00007ffe81d70000 - 0x00007ffe820c6000 	C:\WINDOWS\System32\combase.dll
0x00007ffe80d10000 - 0x00007ffe80d3c000 	C:\WINDOWS\SYSTEM32\Wldp.dll
0x00007ffe82a60000 - 0x00007ffe82b0e000 	C:\WINDOWS\System32\SHCORE.dll
0x00007ffe83a90000 - 0x00007ffe83ae5000 	C:\WINDOWS\System32\shlwapi.dll
0x00007ffe81380000 - 0x00007ffe813a6000 	C:\WINDOWS\SYSTEM32\profapi.dll
0x00007ffe6efd0000 - 0x00007ffe6efea000 	C:\Program Files\Android\Android Studio\jre\jre\bin\net.dll
0x00007ffe80b00000 - 0x00007ffe80b6a000 	C:\WINDOWS\system32\mswsock.dll
0x00007ffe6ea60000 - 0x00007ffe6ea73000 	C:\Program Files\Android\Android Studio\jre\jre\bin\nio.dll
0x00007ffe6dc80000 - 0x00007ffe6dca6000 	C:\Users\jun10\.gradle\native\31\windows-amd64\native-platform.dll
0x00007ffe78660000 - 0x00007ffe7866d000 	C:\Program Files\Android\Android Studio\jre\jre\bin\management.dll
0x00007ffe80d50000 - 0x00007ffe80d68000 	C:\WINDOWS\SYSTEM32\CRYPTSP.dll
0x00007ffe804c0000 - 0x00007ffe804f4000 	C:\WINDOWS\system32\rsaenh.dll
0x00007ffe817a0000 - 0x00007ffe817c7000 	C:\WINDOWS\System32\bcrypt.dll
0x00007ffe81340000 - 0x00007ffe8136e000 	C:\WINDOWS\SYSTEM32\USERENV.dll
0x00007ffe81450000 - 0x00007ffe814d0000 	C:\WINDOWS\System32\bcryptprimitives.dll
0x00007ffe80c80000 - 0x00007ffe80c8c000 	C:\WINDOWS\SYSTEM32\CRYPTBASE.dll
0x00007ffe80810000 - 0x00007ffe8084b000 	C:\WINDOWS\SYSTEM32\IPHLPAPI.DLL
0x00007ffe829e0000 - 0x00007ffe829e8000 	C:\WINDOWS\System32\NSI.dll
0x00007ffe79a80000 - 0x00007ffe79a97000 	C:\WINDOWS\SYSTEM32\dhcpcsvc6.DLL
0x00007ffe798a0000 - 0x00007ffe798bd000 	C:\WINDOWS\SYSTEM32\dhcpcsvc.DLL
0x00007ffe80850000 - 0x00007ffe8091b000 	C:\WINDOWS\SYSTEM32\DNSAPI.dll
0x00007ffe7e640000 - 0x00007ffe7e6d0000 	C:\WINDOWS\system32\apphelp.dll
0x00007ffe70aa0000 - 0x00007ffe70abe000 	C:\Users\jun10\AppData\Local\Temp\native-platform848341956829905132dir\native-platform.dll

VM Arguments:
jvm_args: -Xmx2048m -Dfile.encoding=x-windows-949 -Duser.country=KR -Duser.language=ko -Duser.variant 
java_command: org.gradle.launcher.daemon.bootstrap.GradleDaemon 6.1.1
java_class_path (initial): C:\Users\jun10\.gradle\wrapper\dists\gradle-6.1.1-all\cfmwm155h49vnt3hynmlrsdst\gradle-6.1.1\lib\gradle-launcher-6.1.1.jar
Launcher Type: SUN_STANDARD

Environment Variables:
JAVA_HOME=C:\Program Files\Java\jdk1.8.0_171
PATH=C:\app\hankyeol\product\11.2.0\dbhome_1\bin;C:\Program Files (x86)\NAT Service;C:\Program Files (x86)\Common Files\Oracle\Java\javapath;C:\WINDOWS\system32;C:\WINDOWS;C:\WINDOWS\System32\Wbem;C:\WINDOWS\System32\WindowsPowerShell\v1.0\;C:\Program Files\Intel\WiFi\bin\;C:\Program Files\Common Files\Intel\WirelessCommon\;C:\WINDOWS\System32\OpenSSH\;C:\Program Files\Java\jdk1.8.0_171\bin;C:\Program Files\MySQL\MySQL Server 5.5\bin;C:\Program Files\Git\cmd;C:\ProgramData\chocolatey\bin;C:\Users\jun10\AppData\Local\Microsoft\WindowsApps;C:\Program Files\Intel\WiFi\bin\;C:\Program Files\Common Files\Intel\WirelessCommon\;;C:\Users\jun10\AppData\Local\Programs\Microsoft VS Code\bin
USERNAME=hankyeol
OS=Windows_NT
PROCESSOR_IDENTIFIER=Intel64 Family 6 Model 142 Stepping 10, GenuineIntel



---------------  S Y S T E M  ---------------

OS: Windows 10.0 , 64 bit Build 19041 (10.0.19041.662)

CPU:total 8 (initial active 8) (4 cores per cpu, 2 threads per core) family 6 model 142 stepping 10, cmov, cx8, fxsr, mmx, sse, sse2, sse3, ssse3, sse4.1, sse4.2, popcnt, avx, avx2, aes, clmul, erms, 3dnowpref, lzcnt, ht, tsc, tscinvbit, bmi1, bmi2, adx

Memory: 4k page, physical 16606480k(489696k free), swap 47058824k(5104k free)

vm_info: OpenJDK 64-Bit Server VM (25.242-b01) for windows-amd64 JRE (1.8.0_242-release-1644-b01), built by "builder" with MS VC++ 10.0 (VS2010)

time: Sun Jan 17 19:01:42 2021
timezone: 대한민국 표준시
elapsed time: 2761 seconds (0d 0h 46m 1s)

