#
# There is insufficient memory for the Java Runtime Environment to continue.
# Native memory allocation (malloc) failed to allocate 479536 bytes for Chunk::new
# Possible reasons:
#   The system is out of physical RAM or swap space
#   The process is running with CompressedOops enabled, and the Java Heap may be blocking the growth of the native heap
# Possible solutions:
#   Reduce memory load on the system
#   Increase physical memory or swap space
#   Check if swap backing store is full
#   Decrease Java heap size (-Xmx/-Xms)
#   Decrease number of Java threads
#   Decrease Java thread stack sizes (-Xss)
#   Set larger code cache with -XX:ReservedCodeCacheSize=
#   JVM is running with Unscaled Compressed Oops mode in which the Java heap is
#     placed in the first 4GB address space. The Java Heap base address is the
#     maximum limit for the native heap growth. Please use -XX:HeapBaseMinAddress
#     to set the Java Heap base and to place the Java Heap above 4GB virtual address.
# This output file may be truncated or incomplete.
#
#  Out of Memory Error (allocation.cpp:389), pid=25864, tid=0x000000000000664c
#
# JRE version: OpenJDK Runtime Environment (8.0_242-b01) (build 1.8.0_242-release-1644-b01)
# Java VM: OpenJDK 64-Bit Server VM (25.242-b01 mixed mode windows-amd64 compressed oops)
# Failed to write core dump. Minidumps are not enabled by default on client versions of Windows
#

---------------  T H R E A D  ---------------

Current thread (0x0000000016de0000):  JavaThread "C2 CompilerThread0" daemon [_thread_in_native, id=26188, stack(0x0000000017630000,0x0000000017730000)]

Stack: [0x0000000017630000,0x0000000017730000]
[error occurred during error reporting (printing stack bounds), id 0xc0000005]

Native frames: (J=compiled Java code, j=interpreted, Vv=VM code, C=native code)


Current CompileTask:
C2: 281087 11287       4       sun.net.www.protocol.jar.Handler::parseURL (223 bytes)


---------------  P R O C E S S  ---------------

Java Threads: ( => current thread )
  0x00000000191ad000 JavaThread "Cache worker for execution history cache (C:\Users\jun10\AndroidStudioProjects\RecommendFinancialProduct\.gradle\6.1.1\executionHistory)" [_thread_blocked, id=19072, stack(0x0000000026d70000,0x0000000026e70000)]
  0x00000000191b1000 JavaThread "Execution worker for ':' Thread 7" [_thread_blocked, id=31060, stack(0x0000000026c70000,0x0000000026d70000)]
  0x00000000191af800 JavaThread "Execution worker for ':' Thread 6" [_thread_blocked, id=3468, stack(0x0000000026b70000,0x0000000026c70000)]
  0x00000000191ab800 JavaThread "Execution worker for ':' Thread 5" [_thread_blocked, id=27684, stack(0x0000000026a70000,0x0000000026b70000)]
  0x000000001ba77800 JavaThread "Execution worker for ':' Thread 4" [_thread_blocked, id=21832, stack(0x0000000026970000,0x0000000026a70000)]
  0x000000001ba7a000 JavaThread "Execution worker for ':' Thread 3" [_thread_blocked, id=30140, stack(0x0000000026870000,0x0000000026970000)]
  0x000000001ba76000 JavaThread "Execution worker for ':' Thread 2" [_thread_in_native, id=20388, stack(0x0000000026770000,0x0000000026870000)]
  0x000000001ba78800 JavaThread "Execution worker for ':'" [_thread_blocked, id=17264, stack(0x0000000026670000,0x0000000026770000)]
  0x000000001ba7a800 JavaThread "Cache worker for file content cache (C:\Users\jun10\AndroidStudioProjects\RecommendFinancialProduct\.gradle\6.1.1\fileContent)" [_thread_blocked, id=23832, stack(0x00000000246c0000,0x00000000247c0000)]
  0x000000001ba6e800 JavaThread "Cache worker for file content cache (C:\Users\jun10\.gradle\caches\6.1.1\fileContent)" [_thread_blocked, id=10456, stack(0x00000000245c0000,0x00000000246c0000)]
  0x000000001ba75800 JavaThread "Memory manager" [_thread_blocked, id=26336, stack(0x00000000241a0000,0x00000000242a0000)]
  0x000000001ba71000 JavaThread "Cache worker for Build Output Cleanup Cache (C:\Users\jun10\AndroidStudioProjects\RecommendFinancialProduct\.gradle\buildOutputCleanup)" [_thread_blocked, id=23932, stack(0x00000000244c0000,0x00000000245c0000)]
  0x000000001ba70000 JavaThread "Build operations Thread 8" [_thread_blocked, id=20872, stack(0x0000000023da0000,0x0000000023ea0000)]
  0x000000001ba6c800 JavaThread "Build operations Thread 7" [_thread_blocked, id=25760, stack(0x0000000022ea0000,0x0000000022fa0000)]
  0x000000001ba73000 JavaThread "Build operations Thread 6" [_thread_blocked, id=30488, stack(0x00000000227a0000,0x00000000228a0000)]
  0x000000001ba6d000 JavaThread "Build operations Thread 5" [_thread_blocked, id=22144, stack(0x0000000021610000,0x0000000021710000)]
  0x000000001cd69800 JavaThread "Build operations Thread 4" [_thread_blocked, id=26780, stack(0x0000000021510000,0x0000000021610000)]
  0x000000001cd6d800 JavaThread "Build operations Thread 3" [_thread_blocked, id=24164, stack(0x0000000021410000,0x0000000021510000)]
  0x000000001cd69000 JavaThread "Build operations Thread 2" [_thread_blocked, id=16576, stack(0x0000000021310000,0x0000000021410000)]
  0x000000001cd6c800 JavaThread "Build operations" [_thread_blocked, id=29772, stack(0x0000000021210000,0x0000000021310000)]
  0x000000001cd6e000 JavaThread "Cache worker for cache directory md-rule (C:\Users\jun10\.gradle\caches\6.1.1\md-rule)" [_thread_blocked, id=25100, stack(0x00000000208f0000,0x00000000209f0000)]
  0x000000001cd67800 JavaThread "Cache worker for cache directory md-supplier (C:\Users\jun10\.gradle\caches\6.1.1\md-supplier)" [_thread_blocked, id=27192, stack(0x000000001ee90000,0x000000001ef90000)]
  0x000000001cd68000 JavaThread "Cache worker for file hash cache (C:\Users\jun10\AndroidStudioProjects\RecommendFinancialProduct\.gradle\6.1.1\fileHashes)" [_thread_blocked, id=4852, stack(0x000000001ed90000,0x000000001ee90000)]
  0x000000001cd6c000 JavaThread "Cache worker for checksums cache (C:\Users\jun10\AndroidStudioProjects\RecommendFinancialProduct\.gradle\checksums)" [_thread_blocked, id=32484, stack(0x000000001dc50000,0x000000001dd50000)]
  0x000000001cd6a800 JavaThread "Thread-48" [_thread_blocked, id=32224, stack(0x000000001db50000,0x000000001dc50000)]
  0x000000001cd6b000 JavaThread "Stdin handler" [_thread_blocked, id=22388, stack(0x000000001b1b0000,0x000000001b2b0000)]
  0x000000001cd60000 JavaThread "Asynchronous log dispatcher for DefaultDaemonConnection: socket connection from /127.0.0.1:54043 to /127.0.0.1:54717" [_thread_blocked, id=19412, stack(0x000000001b0b0000,0x000000001b1b0000)]
  0x000000001cd66800 JavaThread "Cancel handler" [_thread_blocked, id=26092, stack(0x0000000001780000,0x0000000001880000)]
  0x000000001cd5f000 JavaThread "Handler for socket connection from /127.0.0.1:54043 to /127.0.0.1:54717" [_thread_in_native, id=29912, stack(0x0000000001680000,0x0000000001780000)]
  0x00000000191ac800 JavaThread "Daemon worker Thread 2" [_thread_blocked, id=27148, stack(0x000000001a9b0000,0x000000001aab0000)]
  0x00000000191ae800 JavaThread "Daemon Thread 2" [_thread_blocked, id=32784, stack(0x0000000001580000,0x0000000001680000)]
  0x00000000191b1800 JavaThread "Cache worker for execution history cache (C:\Users\jun10\.gradle\caches\6.1.1\executionHistory)" [_thread_blocked, id=20408, stack(0x000000001ef90000,0x000000001f090000)]
  0x00000000191ab000 JavaThread "Cache worker for file hash cache (C:\Users\jun10\.gradle\caches\6.1.1\fileHashes)" [_thread_blocked, id=18928, stack(0x000000001b6b0000,0x000000001b7b0000)]
  0x00000000191ae000 JavaThread "File lock request listener" [_thread_in_native, id=21548, stack(0x000000001b5b0000,0x000000001b6b0000)]
  0x00000000191b3000 JavaThread "Cache worker for journal cache (C:\Users\jun10\.gradle\caches\journal-1)" [_thread_blocked, id=32048, stack(0x000000001b4b0000,0x000000001b5b0000)]
  0x0000000017c72800 JavaThread "Daemon periodic checks" [_thread_blocked, id=9368, stack(0x000000001a8b0000,0x000000001a9b0000)]
  0x000000001989b000 JavaThread "Incoming local TCP Connector on port 54043" [_thread_in_native, id=14984, stack(0x000000001a6d0000,0x000000001a7d0000)]
  0x000000001980f000 JavaThread "Daemon health stats" [_thread_blocked, id=20668, stack(0x000000001a5d0000,0x000000001a6d0000)]
  0x0000000016ed4000 JavaThread "Service Thread" daemon [_thread_blocked, id=24112, stack(0x0000000017a30000,0x0000000017b30000)]
  0x0000000014f7e800 JavaThread "C1 CompilerThread3" daemon [_thread_blocked, id=18028, stack(0x0000000017930000,0x0000000017a30000)]
  0x0000000016e44000 JavaThread "C2 CompilerThread2" daemon [_thread_in_native, id=14520, stack(0x0000000017830000,0x0000000017930000)]
  0x0000000014f7a000 JavaThread "C2 CompilerThread1" daemon [_thread_blocked, id=27448, stack(0x0000000017730000,0x0000000017830000)]
=>0x0000000016de0000 JavaThread "C2 CompilerThread0" daemon [_thread_in_native, id=26188, stack(0x0000000017630000,0x0000000017730000)]
  0x0000000016dda800 JavaThread "Attach Listener" daemon [_thread_blocked, id=5824, stack(0x0000000017530000,0x0000000017630000)]
  0x0000000016e38000 JavaThread "Signal Dispatcher" daemon [_thread_blocked, id=29608, stack(0x0000000017430000,0x0000000017530000)]
  0x0000000016dc0800 JavaThread "Finalizer" daemon [_thread_blocked, id=32272, stack(0x00000000172a0000,0x00000000173a0000)]
  0x00000000037a8000 JavaThread "Reference Handler" daemon [_thread_blocked, id=12960, stack(0x00000000171a0000,0x00000000172a0000)]
  0x000000000317e000 JavaThread "main" [_thread_blocked, id=33648, stack(0x00000000035b0000,0x00000000036b0000)]

Other Threads:
  0x0000000014f66000 VMThread [stack: 0x0000000016ca0000,0x0000000016da0000] [id=32036]
  0x0000000016ed5000 WatcherThread [stack: 0x0000000017b30000,0x0000000017c30000] [id=8608]

VM state:not at safepoint (normal execution)

VM Mutex/Monitor currently owned by a thread: None

OutOfMemory and StackOverflow Exception counts:
OutOfMemoryError java_heap_errors=2

heap address: 0x00000000e0000000, size: 512 MB, Compressed Oops mode: 32-bit
Narrow klass base: 0x0000000000000000, Narrow klass shift: 3
Compressed class space size: 1073741824 Address: 0x0000000100000000

Heap:
 PSYoungGen      total 144384K, used 117285K [0x00000000f5580000, 0x0000000100000000, 0x0000000100000000)
  eden space 124416K, 78% used [0x00000000f5580000,0x00000000fb4f7420,0x00000000fcf00000)
  from space 19968K, 97% used [0x00000000fcf00000,0x00000000fe2122c0,0x00000000fe280000)
  to   space 26624K, 0% used [0x00000000fe600000,0x00000000fe600000,0x0000000100000000)
 ParOldGen       total 175104K, used 47891K [0x00000000e0000000, 0x00000000eab00000, 0x00000000f5580000)
  object space 175104K, 27% used [0x00000000e0000000,0x00000000e2ec4d28,0x00000000eab00000)
 Metaspace       used 84156K, capacity 88928K, committed 88984K, reserved 1126400K
  class space    used 11270K, capacity 12187K, committed 12200K, reserved 1048576K

Card table byte_map: [0x0000000012b70000,0x0000000012c80000] byte_map_base: 0x0000000012470000

Marking Bits: (ParMarkBitMap*) 0x000000006a9cf030
 Begin Bits: [0x0000000013480000, 0x0000000013c80000)
 End Bits:   [0x0000000013c80000, 0x0000000014480000)

Polling page: 0x00000000018f0000

CodeCache: size=245760Kb used=32704Kb max_used=32796Kb free=213055Kb
 bounds [0x00000000037b0000, 0x00000000057e0000, 0x00000000127b0000]
 total_blobs=10812 nmethods=9964 adapters=759
 compilation: enabled

Compilation events (10 events):
Event: 281.080 Thread 0x0000000014f7e800 nmethod 11358 0x0000000004e28e90 code [0x0000000004e29180, 0x0000000004e2abc8]
Event: 281.080 Thread 0x0000000014f7e800 11360       3       com.sun.org.apache.xerces.internal.util.ParserConfigurationSettings::setFeature (42 bytes)
Event: 281.081 Thread 0x0000000014f7e800 nmethod 11360 0x00000000053f8850 code [0x00000000053f8a00, 0x00000000053f8f88]
Event: 281.081 Thread 0x0000000014f7e800 11357       1       com.sun.org.apache.xerces.internal.utils.XMLSecurityManager$Limit::defaultValue (5 bytes)
Event: 281.081 Thread 0x0000000014f7e800 nmethod 11357 0x00000000057cf250 code [0x00000000057cf3a0, 0x00000000057cf4b0]
Event: 281.081 Thread 0x0000000014f7e800 11361       3       com.sun.org.apache.xerces.internal.impl.XMLEntityManager::getFeatureDefault (36 bytes)
Event: 281.082 Thread 0x0000000014f7e800 nmethod 11361 0x0000000004b56710 code [0x0000000004b568a0, 0x0000000004b56c08]
Event: 281.083 Thread 0x0000000014f7e800 11362       3       com.sun.org.apache.xerces.internal.impl.XMLEntityScanner::skipString (122 bytes)
Event: 281.084 Thread 0x0000000014f7e800 nmethod 11362 0x000000000515f210 code [0x000000000515f3e0, 0x000000000515fae8]
Event: 281.084 Thread 0x0000000014f7e800 11363   !   3       com.android.ide.common.resources.ResourceMergerItem::getKey (204 bytes)

GC Heap History (10 events):
Event: 249.117 GC heap before
{Heap before GC invocations=14 (full 3):
 PSYoungGen      total 123904K, used 2169K [0x00000000f5580000, 0x0000000100000000, 0x0000000100000000)
  eden space 103936K, 0% used [0x00000000f5580000,0x00000000f5580000,0x00000000fbb00000)
  from space 19968K, 10% used [0x00000000fbb00000,0x00000000fbd1e560,0x00000000fce80000)
  to   space 20480K, 0% used [0x00000000fec00000,0x00000000fec00000,0x0000000100000000)
 ParOldGen       total 175104K, used 42373K [0x00000000e0000000, 0x00000000eab00000, 0x00000000f5580000)
  object space 175104K, 24% used [0x00000000e0000000,0x00000000e2961760,0x00000000eab00000)
 Metaspace       used 56838K, capacity 59078K, committed 59160K, reserved 1099776K
  class space    used 7685K, capacity 8213K, committed 8232K, reserved 1048576K
Event: 249.418 GC heap after
Heap after GC invocations=14 (full 3):
 PSYoungGen      total 123904K, used 0K [0x00000000f5580000, 0x0000000100000000, 0x0000000100000000)
  eden space 103936K, 0% used [0x00000000f5580000,0x00000000f5580000,0x00000000fbb00000)
  from space 19968K, 0% used [0x00000000fbb00000,0x00000000fbb00000,0x00000000fce80000)
  to   space 20480K, 0% used [0x00000000fec00000,0x00000000fec00000,0x0000000100000000)
 ParOldGen       total 175104K, used 32310K [0x00000000e0000000, 0x00000000eab00000, 0x00000000f5580000)
  object space 175104K, 18% used [0x00000000e0000000,0x00000000e1f8db30,0x00000000eab00000)
 Metaspace       used 56807K, capacity 58976K, committed 59160K, reserved 1099776K
  class space    used 7676K, capacity 8196K, committed 8232K, reserved 1048576K
}
Event: 250.768 GC heap before
{Heap before GC invocations=15 (full 3):
 PSYoungGen      total 123904K, used 103936K [0x00000000f5580000, 0x0000000100000000, 0x0000000100000000)
  eden space 103936K, 100% used [0x00000000f5580000,0x00000000fbb00000,0x00000000fbb00000)
  from space 19968K, 0% used [0x00000000fbb00000,0x00000000fbb00000,0x00000000fce80000)
  to   space 20480K, 0% used [0x00000000fec00000,0x00000000fec00000,0x0000000100000000)
 ParOldGen       total 175104K, used 32310K [0x00000000e0000000, 0x00000000eab00000, 0x00000000f5580000)
  object space 175104K, 18% used [0x00000000e0000000,0x00000000e1f8db30,0x00000000eab00000)
 Metaspace       used 62181K, capacity 64712K, committed 64792K, reserved 1105920K
  class space    used 8437K, capacity 8984K, committed 9000K, reserved 1048576K
Event: 250.778 GC heap after
Heap after GC invocations=15 (full 3):
 PSYoungGen      total 147968K, used 8730K [0x00000000f5580000, 0x00000000ffc00000, 0x0000000100000000)
  eden space 131584K, 0% used [0x00000000f5580000,0x00000000f5580000,0x00000000fd600000)
  from space 16384K, 53% used [0x00000000fec00000,0x00000000ff486a60,0x00000000ffc00000)
  to   space 19456K, 0% used [0x00000000fd600000,0x00000000fd600000,0x00000000fe900000)
 ParOldGen       total 175104K, used 32318K [0x00000000e0000000, 0x00000000eab00000, 0x00000000f5580000)
  object space 175104K, 18% used [0x00000000e0000000,0x00000000e1f8fb30,0x00000000eab00000)
 Metaspace       used 62181K, capacity 64712K, committed 64792K, reserved 1105920K
  class space    used 8437K, capacity 8984K, committed 9000K, reserved 1048576K
}
Event: 252.386 GC heap before
{Heap before GC invocations=16 (full 3):
 PSYoungGen      total 147968K, used 140314K [0x00000000f5580000, 0x00000000ffc00000, 0x0000000100000000)
  eden space 131584K, 100% used [0x00000000f5580000,0x00000000fd600000,0x00000000fd600000)
  from space 16384K, 53% used [0x00000000fec00000,0x00000000ff486a60,0x00000000ffc00000)
  to   space 19456K, 0% used [0x00000000fd600000,0x00000000fd600000,0x00000000fe900000)
 ParOldGen       total 175104K, used 32318K [0x00000000e0000000, 0x00000000eab00000, 0x00000000f5580000)
  object space 175104K, 18% used [0x00000000e0000000,0x00000000e1f8fb30,0x00000000eab00000)
 Metaspace       used 68235K, capacity 71974K, committed 72088K, reserved 1112064K
  class space    used 9403K, capacity 10086K, committed 10152K, reserved 1048576K
Event: 252.397 GC heap after
Heap after GC invocations=16 (full 3):
 PSYoungGen      total 151040K, used 15956K [0x00000000f5580000, 0x0000000100000000, 0x0000000100000000)
  eden space 131584K, 0% used [0x00000000f5580000,0x00000000f5580000,0x00000000fd600000)
  from space 19456K, 82% used [0x00000000fd600000,0x00000000fe595138,0x00000000fe900000)
  to   space 20992K, 0% used [0x00000000feb80000,0x00000000feb80000,0x0000000100000000)
 ParOldGen       total 175104K, used 32326K [0x00000000e0000000, 0x00000000eab00000, 0x00000000f5580000)
  object space 175104K, 18% used [0x00000000e0000000,0x00000000e1f91b30,0x00000000eab00000)
 Metaspace       used 68235K, capacity 71974K, committed 72088K, reserved 1112064K
  class space    used 9403K, capacity 10086K, committed 10152K, reserved 1048576K
}
Event: 253.918 GC heap before
{Heap before GC invocations=17 (full 3):
 PSYoungGen      total 151040K, used 147540K [0x00000000f5580000, 0x0000000100000000, 0x0000000100000000)
  eden space 131584K, 100% used [0x00000000f5580000,0x00000000fd600000,0x00000000fd600000)
  from space 19456K, 82% used [0x00000000fd600000,0x00000000fe595138,0x00000000fe900000)
  to   space 20992K, 0% used [0x00000000feb80000,0x00000000feb80000,0x0000000100000000)
 ParOldGen       total 175104K, used 32326K [0x00000000e0000000, 0x00000000eab00000, 0x00000000f5580000)
  object space 175104K, 18% used [0x00000000e0000000,0x00000000e1f91b30,0x00000000eab00000)
 Metaspace       used 75006K, capacity 79154K, committed 79512K, reserved 1118208K
  class space    used 10298K, capacity 11061K, committed 11176K, reserved 1048576K
Event: 253.939 GC heap after
Heap after GC invocations=17 (full 3):
 PSYoungGen      total 145408K, used 20985K [0x00000000f5580000, 0x0000000100000000, 0x0000000100000000)
  eden space 124416K, 0% used [0x00000000f5580000,0x00000000f5580000,0x00000000fcf00000)
  from space 20992K, 99% used [0x00000000feb80000,0x00000000ffffe518,0x0000000100000000)
  to   space 25088K, 0% used [0x00000000fcf00000,0x00000000fcf00000,0x00000000fe780000)
 ParOldGen       total 175104K, used 35826K [0x00000000e0000000, 0x00000000eab00000, 0x00000000f5580000)
  object space 175104K, 20% used [0x00000000e0000000,0x00000000e22fcb10,0x00000000eab00000)
 Metaspace       used 75006K, capacity 79154K, committed 79512K, reserved 1118208K
  class space    used 10298K, capacity 11061K, committed 11176K, reserved 1048576K
}
Event: 279.110 GC heap before
{Heap before GC invocations=18 (full 3):
 PSYoungGen      total 145408K, used 145401K [0x00000000f5580000, 0x0000000100000000, 0x0000000100000000)
  eden space 124416K, 100% used [0x00000000f5580000,0x00000000fcf00000,0x00000000fcf00000)
  from space 20992K, 99% used [0x00000000feb80000,0x00000000ffffe518,0x0000000100000000)
  to   space 25088K, 0% used [0x00000000fcf00000,0x00000000fcf00000,0x00000000fe780000)
 ParOldGen       total 175104K, used 35826K [0x00000000e0000000, 0x00000000eab00000, 0x00000000f5580000)
  object space 175104K, 20% used [0x00000000e0000000,0x00000000e22fcb10,0x00000000eab00000)
 Metaspace       used 82165K, capacity 86754K, committed 86936K, reserved 1124352K
  class space    used 11002K, capacity 11838K, committed 11944K, reserved 1048576K
Event: 279.132 GC heap after
Heap after GC invocations=18 (full 3):
 PSYoungGen      total 144384K, used 19528K [0x00000000f5580000, 0x0000000100000000, 0x0000000100000000)
  eden space 124416K, 0% used [0x00000000f5580000,0x00000000f5580000,0x00000000fcf00000)
  from space 19968K, 97% used [0x00000000fcf00000,0x00000000fe2122c0,0x00000000fe280000)
  to   space 26624K, 0% used [0x00000000fe600000,0x00000000fe600000,0x0000000100000000)
 ParOldGen       total 175104K, used 47891K [0x00000000e0000000, 0x00000000eab00000, 0x00000000f5580000)
  object space 175104K, 27% used [0x00000000e0000000,0x00000000e2ec4d28,0x00000000eab00000)
 Metaspace       used 82165K, capacity 86754K, committed 86936K, reserved 1124352K
  class space    used 11002K, capacity 11838K, committed 11944K, reserved 1048576K
}

Deoptimization events (10 events):
Event: 279.674 Thread 0x000000001ba77800 Uncommon trap: reason=bimorphic action=maybe_recompile pc=0x0000000005455b4c method=org.gradle.internal.Try$Success.map(Ljava/util/function/Function;)Lorg/gradle/internal/Try; @ 5
Event: 279.674 Thread 0x00000000191b1000 Uncommon trap: reason=bimorphic action=maybe_recompile pc=0x0000000005455b4c method=org.gradle.internal.Try$Success.map(Ljava/util/function/Function;)Lorg/gradle/internal/Try; @ 5
Event: 279.678 Thread 0x00000000191ab800 Uncommon trap: reason=unstable_if action=reinterpret pc=0x0000000004e4af64 method=com.google.common.collect.MapMakerInternalMap$Segment.getEntry(Ljava/lang/Object;I)Lcom/google/common/collect/MapMakerInternalMap$InternalEntry; @ 40
Event: 279.678 Thread 0x00000000191ab800 Uncommon trap: reason=unstable_if action=reinterpret pc=0x0000000005327ef4 method=com.google.common.collect.MapMakerInternalMap$Segment.drainKeyReferenceQueue(Ljava/lang/ref/ReferenceQueue;)V @ 8
Event: 279.678 Thread 0x000000001ba76000 Uncommon trap: reason=bimorphic action=maybe_recompile pc=0x0000000005455b4c method=org.gradle.internal.Try$Success.map(Ljava/util/function/Function;)Lorg/gradle/internal/Try; @ 5
Event: 279.884 Thread 0x00000000191ac800 Uncommon trap: reason=unstable_if action=reinterpret pc=0x0000000004892654 method=org.gradle.internal.time.MonotonicClock.advance(J)J @ 25
Event: 280.098 Thread 0x00000000191ab800 Uncommon trap: reason=bimorphic action=maybe_recompile pc=0x0000000004215948 method=com.google.common.collect.NaturalOrdering.compare(Ljava/lang/Comparable;Ljava/lang/Comparable;)I @ 12
Event: 280.098 Thread 0x00000000191ab800 Uncommon trap: reason=bimorphic action=maybe_recompile pc=0x0000000004215948 method=com.google.common.collect.NaturalOrdering.compare(Ljava/lang/Comparable;Ljava/lang/Comparable;)I @ 12
Event: 280.098 Thread 0x00000000191ab800 Uncommon trap: reason=bimorphic action=maybe_recompile pc=0x0000000004215948 method=com.google.common.collect.NaturalOrdering.compare(Ljava/lang/Comparable;Ljava/lang/Comparable;)I @ 12
Event: 280.098 Thread 0x00000000191ab800 Uncommon trap: reason=bimorphic action=maybe_recompile pc=0x0000000004215948 method=com.google.common.collect.NaturalOrdering.compare(Ljava/lang/Comparable;Ljava/lang/Comparable;)I @ 12

Classes redefined (0 events):
No events

Internal exceptions (10 events):
Event: 278.509 Thread 0x000000001cd6a800 Exception <a 'java/lang/NoSuchMethodError': <clinit>> (0x00000000fb5d1d78) thrown at [C:\src\AOSP-openjdk-git\hotspot\src\share\vm\prims\jni.cpp, line 1615]
Event: 278.832 Thread 0x000000001cd6a800 Exception <a 'java/lang/NoSuchMethodError': <clinit>> (0x00000000fb5dca30) thrown at [C:\src\AOSP-openjdk-git\hotspot\src\share\vm\prims\jni.cpp, line 1615]
Event: 278.835 Thread 0x000000001cd6a800 Exception <a 'java/lang/NoSuchMethodError': <clinit>> (0x00000000fc619fb8) thrown at [C:\src\AOSP-openjdk-git\hotspot\src\share\vm\prims\jni.cpp, line 1615]
Event: 278.835 Thread 0x000000001cd6a800 Exception <a 'java/lang/NoSuchMethodError': <clinit>> (0x00000000fc61b508) thrown at [C:\src\AOSP-openjdk-git\hotspot\src\share\vm\prims\jni.cpp, line 1615]
Event: 278.835 Thread 0x000000001cd6a800 Exception <a 'java/lang/NoSuchMethodError': <clinit>> (0x00000000fc61ce00) thrown at [C:\src\AOSP-openjdk-git\hotspot\src\share\vm\prims\jni.cpp, line 1615]
Event: 278.836 Thread 0x000000001cd6a800 Exception <a 'java/lang/NoSuchMethodError': <clinit>> (0x00000000fc6261a0) thrown at [C:\src\AOSP-openjdk-git\hotspot\src\share\vm\prims\jni.cpp, line 1615]
Event: 278.837 Thread 0x000000001cd6a800 Exception <a 'java/lang/NoSuchMethodError': <clinit>> (0x00000000fc631048) thrown at [C:\src\AOSP-openjdk-git\hotspot\src\share\vm\prims\jni.cpp, line 1615]
Event: 278.841 Thread 0x000000001cd6a800 Exception <a 'java/lang/NoSuchMethodError': <clinit>> (0x00000000fc6443c8) thrown at [C:\src\AOSP-openjdk-git\hotspot\src\share\vm\prims\jni.cpp, line 1615]
Event: 279.135 Thread 0x00000000191ac800 Implicit null exception at 0x00000000055855e3 to 0x0000000005585a59
Event: 280.127 Thread 0x000000001cd6a800 Exception <a 'java/lang/NoSuchMethodError': <clinit>> (0x00000000f576f1e0) thrown at [C:\src\AOSP-openjdk-git\hotspot\src\share\vm\prims\jni.cpp, line 1615]

Events (10 events):
Event: 281.011 loading class com/google/common/collect/Maps$3
Event: 281.011 loading class com/google/common/collect/Maps$3 done
Event: 281.012 loading class com/google/common/collect/TransformedIterator
Event: 281.012 loading class com/google/common/collect/TransformedIterator done
Event: 281.012 loading class com/google/common/collect/LinkedListMultimap$DistinctKeyIterator
Event: 281.012 loading class com/google/common/collect/LinkedListMultimap$DistinctKeyIterator done
Event: 281.014 loading class com/google/common/collect/LinkedListMultimap$1
Event: 281.014 loading class com/google/common/collect/LinkedListMultimap$1 done
Event: 281.015 loading class com/google/common/collect/LinkedListMultimap$ValueForKeyIterator
Event: 281.015 loading class com/google/common/collect/LinkedListMultimap$ValueForKeyIterator done


Dynamic libraries:
0x00007ff7e79b0000 - 0x00007ff7e79e1000 	C:\Program Files\Android\Android Studio\jre\bin\java.exe
0x00007ff861d70000 - 0x00007ff861f66000 	C:\WINDOWS\SYSTEM32\ntdll.dll
0x00007ff860640000 - 0x00007ff8606fd000 	C:\WINDOWS\System32\KERNEL32.DLL
0x00007ff85f4b0000 - 0x00007ff85f779000 	C:\WINDOWS\System32\KERNELBASE.dll
0x00007ff85fdd0000 - 0x00007ff85fe7c000 	C:\WINDOWS\System32\ADVAPI32.dll
0x00007ff860700000 - 0x00007ff86079e000 	C:\WINDOWS\System32\msvcrt.dll
0x00007ff860520000 - 0x00007ff8605bc000 	C:\WINDOWS\System32\sechost.dll
0x00007ff8603b0000 - 0x00007ff8604db000 	C:\WINDOWS\System32\RPCRT4.dll
0x00007ff8614c0000 - 0x00007ff861660000 	C:\WINDOWS\System32\USER32.dll
0x00007ff85f8a0000 - 0x00007ff85f8c2000 	C:\WINDOWS\System32\win32u.dll
0x00007ff8604f0000 - 0x00007ff86051a000 	C:\WINDOWS\System32\GDI32.dll
0x00007ff85fc70000 - 0x00007ff85fd7b000 	C:\WINDOWS\System32\gdi32full.dll
0x00007ff85f800000 - 0x00007ff85f89d000 	C:\WINDOWS\System32\msvcp_win.dll
0x00007ff85fa30000 - 0x00007ff85fb30000 	C:\WINDOWS\System32\ucrtbase.dll
0x00007ff848830000 - 0x00007ff848acb000 	C:\WINDOWS\WinSxS\amd64_microsoft.windows.common-controls_6595b64144ccf1df_6.0.19041.746_none_ca02b4b61b8320a4\COMCTL32.dll
0x00007ff85fe80000 - 0x00007ff85feb0000 	C:\WINDOWS\System32\IMM32.DLL
0x000000006ad70000 - 0x000000006ae42000 	C:\Program Files\Android\Android Studio\jre\jre\bin\msvcr100.dll
0x000000006a200000 - 0x000000006aa4b000 	C:\Program Files\Android\Android Studio\jre\jre\bin\server\jvm.dll
0x00007ff8603a0000 - 0x00007ff8603a8000 	C:\WINDOWS\System32\PSAPI.DLL
0x00007ff852420000 - 0x00007ff852429000 	C:\WINDOWS\SYSTEM32\WSOCK32.dll
0x00007ff854c70000 - 0x00007ff854c7a000 	C:\WINDOWS\SYSTEM32\VERSION.dll
0x00007ff8546f0000 - 0x00007ff854717000 	C:\WINDOWS\SYSTEM32\WINMM.dll
0x00007ff8605c0000 - 0x00007ff86062b000 	C:\WINDOWS\System32\WS2_32.dll
0x00007ff85c0a0000 - 0x00007ff85c0af000 	C:\Program Files\Android\Android Studio\jre\jre\bin\verify.dll
0x00007ff845ff0000 - 0x00007ff846019000 	C:\Program Files\Android\Android Studio\jre\jre\bin\java.dll
0x00007ff85a7b0000 - 0x00007ff85a7c6000 	C:\Program Files\Android\Android Studio\jre\jre\bin\zip.dll
0x00007ff860900000 - 0x00007ff861043000 	C:\WINDOWS\System32\SHELL32.dll
0x00007ff85d4b0000 - 0x00007ff85dc3f000 	C:\WINDOWS\SYSTEM32\windows.storage.dll
0x00007ff861660000 - 0x00007ff8619b6000 	C:\WINDOWS\System32\combase.dll
0x00007ff85ed70000 - 0x00007ff85ed9c000 	C:\WINDOWS\SYSTEM32\Wldp.dll
0x00007ff861c20000 - 0x00007ff861cce000 	C:\WINDOWS\System32\SHCORE.dll
0x00007ff85feb0000 - 0x00007ff85ff05000 	C:\WINDOWS\System32\shlwapi.dll
0x00007ff85f3e0000 - 0x00007ff85f406000 	C:\WINDOWS\SYSTEM32\profapi.dll
0x00007ff85b700000 - 0x00007ff85b71a000 	C:\Program Files\Android\Android Studio\jre\jre\bin\net.dll
0x00007ff85eb60000 - 0x00007ff85ebca000 	C:\WINDOWS\system32\mswsock.dll
0x00007ff859150000 - 0x00007ff859163000 	C:\Program Files\Android\Android Studio\jre\jre\bin\nio.dll
0x00007ff85a7f0000 - 0x00007ff85a816000 	C:\Users\jun10\.gradle\native\31\windows-amd64\native-platform.dll
0x00007ff85a7e0000 - 0x00007ff85a7ed000 	C:\Program Files\Android\Android Studio\jre\jre\bin\management.dll
0x00007ff85edb0000 - 0x00007ff85edc8000 	C:\WINDOWS\SYSTEM32\CRYPTSP.dll
0x00007ff85e520000 - 0x00007ff85e554000 	C:\WINDOWS\system32\rsaenh.dll
0x00007ff85fb30000 - 0x00007ff85fb57000 	C:\WINDOWS\System32\bcrypt.dll
0x00007ff85f3a0000 - 0x00007ff85f3ce000 	C:\WINDOWS\SYSTEM32\USERENV.dll
0x00007ff85f780000 - 0x00007ff85f800000 	C:\WINDOWS\System32\bcryptprimitives.dll
0x00007ff85ece0000 - 0x00007ff85ecec000 	C:\WINDOWS\SYSTEM32\CRYPTBASE.dll
0x00007ff85e870000 - 0x00007ff85e8ab000 	C:\WINDOWS\SYSTEM32\IPHLPAPI.DLL
0x00007ff860630000 - 0x00007ff860638000 	C:\WINDOWS\System32\NSI.dll
0x00007ff857f00000 - 0x00007ff857f17000 	C:\WINDOWS\SYSTEM32\dhcpcsvc6.DLL
0x00007ff857a20000 - 0x00007ff857a3d000 	C:\WINDOWS\SYSTEM32\dhcpcsvc.DLL
0x00007ff85e8b0000 - 0x00007ff85e97b000 	C:\WINDOWS\SYSTEM32\DNSAPI.dll

VM Arguments:
jvm_args: -XX:MaxMetaspaceSize=256m -XX:+HeapDumpOnOutOfMemoryError -Xms256m -Xmx512m -Dfile.encoding=x-windows-949 -Duser.country=KR -Duser.language=ko -Duser.variant 
java_command: org.gradle.launcher.daemon.bootstrap.GradleDaemon 6.1.1
java_class_path (initial): C:\Users\jun10\.gradle\wrapper\dists\gradle-6.1.1-all\cfmwm155h49vnt3hynmlrsdst\gradle-6.1.1\lib\gradle-launcher-6.1.1.jar
Launcher Type: SUN_STANDARD

Environment Variables:
JAVA_HOME=C:\Program Files\Java\jdk1.8.0_171
PATH=C:\app\hankyeol\product\11.2.0\dbhome_1\bin;C:\Program Files (x86)\NAT Service;C:\Program Files (x86)\Common Files\Oracle\Java\javapath;C:\WINDOWS\system32;C:\WINDOWS;C:\WINDOWS\System32\Wbem;C:\WINDOWS\System32\WindowsPowerShell\v1.0\;C:\Program Files\Intel\WiFi\bin\;C:\Program Files\Common Files\Intel\WirelessCommon\;C:\WINDOWS\System32\OpenSSH\;C:\Program Files\Java\jdk1.8.0_171\bin;C:\Program Files\MySQL\MySQL Server 5.5\bin;C:\Program Files\Git\cmd;C:\ProgramData\chocolatey\bin;C:\Users\jun10\AppData\Local\Microsoft\WindowsApps;C:\Program Files\Intel\WiFi\bin\;C:\Program Files\Common Files\Intel\WirelessCommon\;;C:\Users\jun10\AppData\Local\Programs\Microsoft VS Code\bin
USERNAME=hankyeol
OS=Windows_NT
PROCESSOR_IDENTIFIER=Intel64 Family 6 Model 142 Stepping 10, GenuineIntel



---------------  S Y S T E M  ---------------

OS: Windows 10.0 , 64 bit Build 19041 (10.0.19041.662)

CPU:total 8 (initial active 8) (4 cores per cpu, 2 threads per core) family 6 model 142 stepping 10, cmov, cx8, fxsr, mmx, sse, sse2, sse3, ssse3, sse4.1, sse4.2, popcnt, avx, avx2, aes, clmul, erms, 3dnowpref, lzcnt, ht, tsc, tscinvbit, bmi1, bmi2, adx

Memory: 4k page, physical 16606480k(2844108k free), swap 47058824k(5496k free)

vm_info: OpenJDK 64-Bit Server VM (25.242-b01) for windows-amd64 JRE (1.8.0_242-release-1644-b01), built by "builder" with MS VC++ 10.0 (VS2010)

time: Sun Jan 24 12:04:45 2021
timezone: 대한민국 표준시
elapsed time: 281 seconds (0d 0h 4m 41s)

